This is pdfTeX, Version 3.1415926-2.3-1.40.12 (MiKTeX 2.9) (preloaded format=pdflatex 2014.3.29)  10 JUL 2014 00:03
entering extended mode
**MOEABB.tex
(C:\Users\secret\Desktop\Latex\Template\IEEEtran\Thesis\MOEABB.tex
LaTeX2e <2011/06/27>
Babel <v3.8m> and hyphenation patterns for english, afrikaans, ancientgreek, ar
abic, armenian, assamese, basque, bengali, bokmal, bulgarian, catalan, coptic, 
croatian, czech, danish, dutch, esperanto, estonian, farsi, finnish, french, ga
lician, german, german-x-2009-06-19, greek, gujarati, hindi, hungarian, iceland
ic, indonesian, interlingua, irish, italian, kannada, kurmanji, lao, latin, lat
vian, lithuanian, malayalam, marathi, mongolian, mongolianlmc, monogreek, ngerm
an, ngerman-x-2009-06-19, nynorsk, oriya, panjabi, pinyin, polish, portuguese, 
romanian, russian, sanskrit, serbian, slovak, slovenian, spanish, swedish, swis
sgerman, tamil, telugu, turkish, turkmen, ukenglish, ukrainian, uppersorbian, u
senglishmax, welsh, loaded.
(C:\Users\secret\Desktop\Latex\Template\IEEEtran\Thesis\IEEEtran.cls
Document Class: IEEEtran 2012/12/27 V1.8 by Michael Shell
-- See the "IEEEtran_HOWTO" manual for usage information.
-- http://www.michaelshell.org/tex/ieeetran/
\@IEEEtrantmpdimenA=\dimen102
\@IEEEtrantmpdimenB=\dimen103
\@IEEEtrantmpcountA=\count79
\@IEEEtrantmpcountB=\count80
\@IEEEtrantmptoksA=\toks14
LaTeX Font Info:    Try loading font information for OT1+ptm on input line 368.

("C:\Program Files\MiKTeX 2.9\tex\latex\psnfss\ot1ptm.fd"
File: ot1ptm.fd 2001/06/04 font definitions for OT1/ptm.
)
-- Using 8.5in x 11in (letter) paper.
-- Using PDF output.
\@IEEEnormalsizeunitybaselineskip=\dimen104
-- This is a 10 point document.
\CLASSINFOnormalsizebaselineskip=\dimen105
\CLASSINFOnormalsizeunitybaselineskip=\dimen106
\IEEEnormaljot=\dimen107
LaTeX Font Info:    Font shape `OT1/ptm/bx/n' in size <5> not available
(Font)              Font shape `OT1/ptm/b/n' tried instead on input line 726.
LaTeX Font Info:    Font shape `OT1/ptm/bx/it' in size <5> not available
(Font)              Font shape `OT1/ptm/b/it' tried instead on input line 726.
LaTeX Font Info:    Font shape `OT1/ptm/bx/n' in size <7> not available
(Font)              Font shape `OT1/ptm/b/n' tried instead on input line 726.
LaTeX Font Info:    Font shape `OT1/ptm/bx/it' in size <7> not available
(Font)              Font shape `OT1/ptm/b/it' tried instead on input line 726.
LaTeX Font Info:    Font shape `OT1/ptm/bx/n' in size <8> not available
(Font)              Font shape `OT1/ptm/b/n' tried instead on input line 726.
LaTeX Font Info:    Font shape `OT1/ptm/bx/it' in size <8> not available
(Font)              Font shape `OT1/ptm/b/it' tried instead on input line 726.
LaTeX Font Info:    Font shape `OT1/ptm/bx/n' in size <9> not available
(Font)              Font shape `OT1/ptm/b/n' tried instead on input line 726.
LaTeX Font Info:    Font shape `OT1/ptm/bx/it' in size <9> not available
(Font)              Font shape `OT1/ptm/b/it' tried instead on input line 726.
LaTeX Font Info:    Font shape `OT1/ptm/bx/n' in size <10> not available
(Font)              Font shape `OT1/ptm/b/n' tried instead on input line 726.
LaTeX Font Info:    Font shape `OT1/ptm/bx/it' in size <10> not available
(Font)              Font shape `OT1/ptm/b/it' tried instead on input line 726.
LaTeX Font Info:    Font shape `OT1/ptm/bx/n' in size <11> not available
(Font)              Font shape `OT1/ptm/b/n' tried instead on input line 726.
LaTeX Font Info:    Font shape `OT1/ptm/bx/it' in size <11> not available
(Font)              Font shape `OT1/ptm/b/it' tried instead on input line 726.
LaTeX Font Info:    Font shape `OT1/ptm/bx/n' in size <12> not available
(Font)              Font shape `OT1/ptm/b/n' tried instead on input line 726.
LaTeX Font Info:    Font shape `OT1/ptm/bx/it' in size <12> not available
(Font)              Font shape `OT1/ptm/b/it' tried instead on input line 726.
LaTeX Font Info:    Font shape `OT1/ptm/bx/n' in size <17> not available
(Font)              Font shape `OT1/ptm/b/n' tried instead on input line 726.
LaTeX Font Info:    Font shape `OT1/ptm/bx/it' in size <17> not available
(Font)              Font shape `OT1/ptm/b/it' tried instead on input line 726.
LaTeX Font Info:    Font shape `OT1/ptm/bx/n' in size <20> not available
(Font)              Font shape `OT1/ptm/b/n' tried instead on input line 726.
LaTeX Font Info:    Font shape `OT1/ptm/bx/it' in size <20> not available
(Font)              Font shape `OT1/ptm/b/it' tried instead on input line 726.
LaTeX Font Info:    Font shape `OT1/ptm/bx/n' in size <24> not available
(Font)              Font shape `OT1/ptm/b/n' tried instead on input line 726.
LaTeX Font Info:    Font shape `OT1/ptm/bx/it' in size <24> not available
(Font)              Font shape `OT1/ptm/b/it' tried instead on input line 726.
\IEEEilabelindentA=\dimen108
\IEEEilabelindentB=\dimen109
\IEEEilabelindent=\dimen110
\IEEEelabelindent=\dimen111
\IEEEdlabelindent=\dimen112
\IEEElabelindent=\dimen113
\IEEEiednormlabelsep=\dimen114
\IEEEiedmathlabelsep=\dimen115
\IEEEiedtopsep=\skip41
\c@section=\count81
\c@subsection=\count82
\c@subsubsection=\count83
\c@paragraph=\count84
\c@IEEEsubequation=\count85
\abovecaptionskip=\skip42
\belowcaptionskip=\skip43
\c@figure=\count86
\c@table=\count87
\@IEEEeqnnumcols=\count88
\@IEEEeqncolcnt=\count89
\@IEEEsubeqnnumrollback=\count90
\@IEEEtmpitemindent=\dimen116
\c@IEEEbiography=\count91
\@IEEEtranrubishbin=\box26
) ("C:\Program Files\MiKTeX 2.9\tex\latex\graphics\graphicx.sty"
Package: graphicx 1999/02/16 v1.0f Enhanced LaTeX Graphics (DPC,SPQR)

("C:\Program Files\MiKTeX 2.9\tex\latex\graphics\keyval.sty"
Package: keyval 1999/03/16 v1.13 key=value parser (DPC)
\KV@toks@=\toks15
)
("C:\Program Files\MiKTeX 2.9\tex\latex\graphics\graphics.sty"
Package: graphics 2009/02/05 v1.0o Standard LaTeX Graphics (DPC,SPQR)

("C:\Program Files\MiKTeX 2.9\tex\latex\graphics\trig.sty"
Package: trig 1999/03/16 v1.09 sin cos tan (DPC)
)
("C:\Program Files\MiKTeX 2.9\tex\latex\00miktex\graphics.cfg"
File: graphics.cfg 2007/01/18 v1.5 graphics configuration of teTeX/TeXLive
)
Package graphics Info: Driver file: pdftex.def on input line 91.

("C:\Program Files\MiKTeX 2.9\tex\latex\pdftex-def\pdftex.def"
File: pdftex.def 2011/05/27 v0.06d Graphics/color for pdfTeX

("C:\Program Files\MiKTeX 2.9\tex\generic\oberdiek\infwarerr.sty"
Package: infwarerr 2010/04/08 v1.3 Providing info/warning/message (HO)
)
("C:\Program Files\MiKTeX 2.9\tex\generic\oberdiek\ltxcmds.sty"
Package: ltxcmds 2011/04/18 v1.20 LaTeX kernel commands for general use (HO)
)
\Gread@gobject=\count92
))
\Gin@req@height=\dimen117
\Gin@req@width=\dimen118
)
("C:\Program Files\MiKTeX 2.9\tex\latex\oberdiek\epstopdf.sty"
Package: epstopdf 2010/02/09 v2.5 Conversion with epstopdf on the fly (HO)

("C:\Program Files\MiKTeX 2.9\tex\latex\oberdiek\epstopdf-base.sty"
Package: epstopdf-base 2010/02/09 v2.5 Base part for package epstopdf

("C:\Program Files\MiKTeX 2.9\tex\latex\oberdiek\grfext.sty"
Package: grfext 2010/08/19 v1.1 Managing graphics extensions (HO)

("C:\Program Files\MiKTeX 2.9\tex\generic\oberdiek\kvdefinekeys.sty"
Package: kvdefinekeys 2011/04/07 v1.3 Defining keys (HO)
))
("C:\Program Files\MiKTeX 2.9\tex\latex\oberdiek\kvoptions.sty"
Package: kvoptions 2010/12/23 v3.10 Keyval support for LaTeX options (HO)

("C:\Program Files\MiKTeX 2.9\tex\generic\oberdiek\kvsetkeys.sty"
Package: kvsetkeys 2011/04/07 v1.13 Key value parser (HO)

("C:\Program Files\MiKTeX 2.9\tex\generic\oberdiek\etexcmds.sty"
Package: etexcmds 2011/02/16 v1.5 Prefix for e-TeX command names (HO)

("C:\Program Files\MiKTeX 2.9\tex\generic\oberdiek\ifluatex.sty"
Package: ifluatex 2010/03/01 v1.3 Provides the ifluatex switch (HO)
Package ifluatex Info: LuaTeX not detected.
)
Package etexcmds Info: Could not find \expanded.
(etexcmds)             That can mean that you are not using pdfTeX 1.50 or
(etexcmds)             that some package has redefined \expanded.
(etexcmds)             In the latter case, load this package earlier.
)))
("C:\Program Files\MiKTeX 2.9\tex\generic\oberdiek\pdftexcmds.sty"
Package: pdftexcmds 2011/04/22 v0.16 Utilities of pdfTeX for LuaTeX (HO)

("C:\Program Files\MiKTeX 2.9\tex\generic\oberdiek\ifpdf.sty"
Package: ifpdf 2011/01/30 v2.3 Provides the ifpdf switch (HO)
Package ifpdf Info: pdfTeX in PDF mode is detected.
)
Package pdftexcmds Info: LuaTeX not detected.
Package pdftexcmds Info: \pdf@primitive is available.
Package pdftexcmds Info: \pdf@ifprimitive is available.
Package pdftexcmds Info: \pdfdraftmode found.
)
Package grfext Info: Graphics extension search list:
(grfext)             [.png,.pdf,.jpg,.mps,.jpeg,.jbig2,.jb2,.PNG,.PDF,.JPG,.JPE
G,.JBIG2,.JB2,.eps]
(grfext)             \AppendGraphicsExtensions on input line 452.
))
(C:\Users\secret\AppData\Roaming\MiKTeX\2.9\tex\latex\amsmath\amsmath.sty
Package: amsmath 2013/01/14 v2.14 AMS math features
\@mathmargin=\skip44

For additional information on amsmath, use the `?' option.
(C:\Users\secret\AppData\Roaming\MiKTeX\2.9\tex\latex\amsmath\amstext.sty
Package: amstext 2000/06/29 v2.01

(C:\Users\secret\AppData\Roaming\MiKTeX\2.9\tex\latex\amsmath\amsgen.sty
File: amsgen.sty 1999/11/30 v2.0
\@emptytoks=\toks16
\ex@=\dimen119
))
(C:\Users\secret\AppData\Roaming\MiKTeX\2.9\tex\latex\amsmath\amsbsy.sty
Package: amsbsy 1999/11/29 v1.2d
\pmbraise@=\dimen120
)
(C:\Users\secret\AppData\Roaming\MiKTeX\2.9\tex\latex\amsmath\amsopn.sty
Package: amsopn 1999/12/14 v2.01 operator names
)
\inf@bad=\count93
LaTeX Info: Redefining \frac on input line 210.
\uproot@=\count94
\leftroot@=\count95
LaTeX Info: Redefining \overline on input line 306.
\classnum@=\count96
\DOTSCASE@=\count97
LaTeX Info: Redefining \ldots on input line 378.
LaTeX Info: Redefining \dots on input line 381.
LaTeX Info: Redefining \cdots on input line 466.
\Mathstrutbox@=\box27
\strutbox@=\box28
\big@size=\dimen121
LaTeX Font Info:    Redeclaring font encoding OML on input line 566.
LaTeX Font Info:    Redeclaring font encoding OMS on input line 567.
\macc@depth=\count98
\c@MaxMatrixCols=\count99
\dotsspace@=\muskip10
\c@parentequation=\count100
\dspbrk@lvl=\count101
\tag@help=\toks17
\row@=\count102
\column@=\count103
\maxfields@=\count104
\andhelp@=\toks18
\eqnshift@=\dimen122
\alignsep@=\dimen123
\tagshift@=\dimen124
\tagwidth@=\dimen125
\totwidth@=\dimen126
\lineht@=\dimen127
\@envbody=\toks19
\multlinegap=\skip45
\multlinetaggap=\skip46
\mathdisplay@stack=\toks20
LaTeX Info: Redefining \[ on input line 2665.
LaTeX Info: Redefining \] on input line 2666.
)
("C:\Program Files\MiKTeX 2.9\tex\latex\algorithms\algorithm.sty"
Package: algorithm 2009/08/24 v0.1 Document Style `algorithm' - floating enviro
nment

("C:\Program Files\MiKTeX 2.9\tex\latex\float\float.sty"
Package: float 2001/11/08 v1.3d Float enhancements (AL)
\c@float@type=\count105
\float@exts=\toks21
\float@box=\box29
\@float@everytoks=\toks22
\@floatcapt=\box30
)
("C:\Program Files\MiKTeX 2.9\tex\latex\base\ifthen.sty"
Package: ifthen 2001/05/26 v1.1c Standard LaTeX ifthen package (DPC)
)
\@float@every@algorithm=\toks23
\c@algorithm=\count106
)
("C:\Program Files\MiKTeX 2.9\tex\latex\algorithms\algorithmic.sty"
Package: algorithmic 2009/08/24 v0.1 Document Style `algorithmic'
\c@ALC@unique=\count107
\c@ALC@line=\count108
\c@ALC@rem=\count109
\c@ALC@depth=\count110
\ALC@tlm=\skip47
\algorithmicindent=\skip48
)
("C:\Program Files\MiKTeX 2.9\tex\latex\tools\longtable.sty"
Package: longtable 2004/02/01 v4.11 Multi-page Table package (DPC)
\LTleft=\skip49
\LTright=\skip50
\LTpre=\skip51
\LTpost=\skip52
\LTchunksize=\count111
\LTcapwidth=\dimen128
\LT@head=\box31
\LT@firsthead=\box32
\LT@foot=\box33
\LT@lastfoot=\box34
\LT@cols=\count112
\LT@rows=\count113
\c@LT@tables=\count114
\c@LT@chunks=\count115
\LT@p@ftn=\toks24
)
(C:\Users\secret\Desktop\Latex\Template\IEEEtran\Thesis\mathchars.sty)
("C:\Program Files\MiKTeX 2.9\tex\latex\graphics\epsfig.sty"
Package: epsfig 1999/02/16 v1.7a (e)psfig emulation (SPQR)
\epsfxsize=\dimen129
\epsfysize=\dimen130
)
("C:\Program Files\MiKTeX 2.9\tex\latex\subfigure\subfigure.sty"
Package: subfigure 2002/07/30 v2.1.4 subfigure package
\subfigtopskip=\skip53
\subfigcapskip=\skip54
\subfigcaptopadj=\dimen131
\subfigbottomskip=\skip55
\subfigcapmargin=\dimen132
\subfiglabelskip=\skip56
\c@subfigure=\count116
\c@lofdepth=\count117
\c@subtable=\count118
\c@lotdepth=\count119

****************************************
* Local config file subfigure.cfg used *
****************************************
("C:\Program Files\MiKTeX 2.9\tex\latex\subfigure\subfigure.cfg")
\subfig@top=\skip57
\subfig@bottom=\skip58
)
\@input{preamble.aux}
(C:\Users\secret\Desktop\Latex\Template\IEEEtran\Thesis\preamble.tex
\c@definition=\count120
\c@theorem=\count121
)
(C:\Users\secret\Desktop\Latex\Template\IEEEtran\Thesis\MOEABB.aux)
LaTeX Font Info:    Checking defaults for OML/cmm/m/it on input line 26.
LaTeX Font Info:    ... okay on input line 26.
LaTeX Font Info:    Checking defaults for T1/cmr/m/n on input line 26.
LaTeX Font Info:    ... okay on input line 26.
LaTeX Font Info:    Checking defaults for OT1/cmr/m/n on input line 26.
LaTeX Font Info:    ... okay on input line 26.
LaTeX Font Info:    Checking defaults for OMS/cmsy/m/n on input line 26.
LaTeX Font Info:    ... okay on input line 26.
LaTeX Font Info:    Checking defaults for OMX/cmex/m/n on input line 26.
LaTeX Font Info:    ... okay on input line 26.
LaTeX Font Info:    Checking defaults for U/cmr/m/n on input line 26.
LaTeX Font Info:    ... okay on input line 26.

("C:\Program Files\MiKTeX 2.9\tex\context\base\supp-pdf.mkii"
[Loading MPS to PDF converter (version 2006.09.02).]
\scratchcounter=\count122
\scratchdimen=\dimen133
\scratchbox=\box35
\nofMPsegments=\count123
\nofMParguments=\count124
\everyMPshowfont=\toks25
\MPscratchCnt=\count125
\MPscratchDim=\dimen134
\MPnumerator=\count126
\makeMPintoPDFobject=\count127
\everyMPtoPDFconversion=\toks26
)
LaTeX Font Info:    External font `cmex10' loaded for size
(Font)              <7> on input line 86.
LaTeX Font Info:    External font `cmex10' loaded for size
(Font)              <5> on input line 86.

Underfull \hbox (badness 2229) in paragraph at lines 88--89
[]\OT1/ptm/m/n/10 Electrical and elec-tron-ics engineering-- \OT1/ptm/m/it/10 S
yn-the-sis of
 []


Underfull \hbox (badness 1748) in paragraph at lines 92--93
\OT1/ptm/m/it/10 Con-troller de-sign\OT1/ptm/m/n/10 [[]][[]], \OT1/ptm/m/it/10 
De-sign of con-troller sys-
 []

[1{C:/Users/secret/AppData/Local/MiKTeX/2.9/pdftex/config/pdftex.map}




] [2]
Underfull \hbox (badness 3078) in paragraph at lines 182--183
[]\OT1/ptm/m/n/10 It is hard to clas-sify ap-proaches de-vised by EMO
 []


Underfull \hbox (badness 10000) in paragraph at lines 182--183

 []


Underfull \hbox (badness 2213) in paragraph at lines 184--185
[]\OT1/ptm/m/it/10 Modified pareto dom-i-nance ap-proaches: \OT1/ptm/m/n/10 The
 prob-lem
 []


Underfull \hbox (badness 1902) in paragraph at lines 184--185
\OT1/ptm/m/n/10 to mod-ify pareto dom-i-nance re-la-tion in or-der to of-fer
 []


Underfull \hbox (badness 10000) in paragraph at lines 184--185

 []


Underfull \hbox (badness 1546) in paragraph at lines 186--188
\OT1/ptm/m/n/10 as `rank-ing dom-i-nance'. Other rank-ing schemes in-clude
 []


Underfull \hbox (badness 3503) in paragraph at lines 186--188
\OT1/ptm/m/n/10 made a com-par-a-tive study on dif-fer-ent non-dominated
 []


Underfull \hbox (badness 10000) in paragraph at lines 186--188

 []

Missing character: There is no ‚ in font ptmr7t!
Missing character: There is no Ä in font ptmr7t!
Missing character: There is no ì in font ptmr7t!

Underfull \hbox (badness 10000) in paragraph at lines 189--191

 []


Underfull \hbox (badness 10000) in paragraph at lines 192--194

 []


Underfull \hbox (badness 10000) in paragraph at lines 195--197
[]\OT1/ptm/m/it/10 Aggregation based ap-proaches/Scalarizing func-tion
 []


Underfull \hbox (badness 1430) in paragraph at lines 195--197
\OT1/ptm/m/n/10 with in-creas-ing num-ber of ob-jec-tives. Also it is eas-ier
 []


Underfull \hbox (badness 10000) in paragraph at lines 195--197

 []


Underfull \hbox (badness 2393) in paragraph at lines 198--200
\OT1/ptm/m/n/10 their in-di-vid-ual cri-te-ria. Co-evolutionary ap-proaches has

 []


Underfull \hbox (badness 1360) in paragraph at lines 198--200
\OT1/ptm/m/n/10 can be found in [[]]. The po-ten-tial of co-evolutionary
 []


Underfull \hbox (badness 10000) in paragraph at lines 198--200

 []

[3]
Underfull \hbox (badness 6332) in paragraph at lines 201--203
[]\OT1/ptm/m/it/10 Fuzzy based ap-proaches: \OT1/ptm/m/n/10 Pareto dom-i-nance 
doesn't
 []


Underfull \hbox (badness 10000) in paragraph at lines 201--203

 []

Package epstopdf Info: Source file: <figs/sigmoid.eps>
(epstopdf)                    date: 2014-06-22 21:01:36
(epstopdf)                    size: 18630 bytes
(epstopdf)             Output file: <figs/sigmoid-eps-converted-to.pdf>
(epstopdf)                    date: 2014-07-09 23:35:19
(epstopdf)                    size: 10022 bytes
(epstopdf)             Command: <epstopdf --outfile=figs/sigmoid-eps-converted-
to.pdf figs/sigmoid.eps>
(epstopdf)             \includegraphics on input line 225.
Package epstopdf Info: Output file is already uptodate.
<figs/sigmoid-eps-converted-to.pdf, id=22, 418.56375pt x 314.17375pt>
File: figs/sigmoid-eps-converted-to.pdf Graphic file (type pdf)

<use figs/sigmoid-eps-converted-to.pdf>
Package pdftex.def Info: figs/sigmoid-eps-converted-to.pdf used on input line 2
25.
(pdftex.def)             Requested size: 180.67499pt x 135.61461pt.
LaTeX Font Info:    External font `cmex10' loaded for size
(Font)              <8> on input line 227.
LaTeX Font Info:    External font `cmex10' loaded for size
(Font)              <6> on input line 227.
 [4]
Underfull \hbox (badness 1533) in paragraph at lines 249--250
[]\OT1/ptm/m/n/10 Consider two ob-jec-tive vec-tors, $\OML/cmm/m/it/10 u\OT1/cm
r/m/n/10 (\OML/cmm/m/it/10 u[]; u[]; []  ; u[]\OT1/cmr/m/n/10 )$ \OT1/ptm/m/n/1
0 and
 []

Missing character: There is no ‚ in font ptmr7t!
Missing character: There is no Ä in font ptmr7t!
Missing character: There is no ì in font ptmr7t!
[5 <C:/Users/secret/Desktop/Latex/Template/IEEEtran/Thesis/figs/sigmoid-eps-con
verted-to.pdf>]
Underfull \hbox (badness 2326) in paragraph at lines 311--312
\OT1/ptm/m/n/10 Knuth's run-ning mean and run-ning vari-ance es-ti-ma-tion
 []


Underfull \hbox (badness 3713) in paragraph at lines 311--312
\OT1/ptm/m/n/10 al-go-rithm [[]] which is $\OML/cmm/m/it/10 O\OT1/cmr/m/n/10 (\
OML/cmm/m/it/10 n\OT1/cmr/m/n/10 )$\OT1/ptm/m/n/10 . There-fore, the over-all
 []


Underfull \hbox (badness 10000) in paragraph at lines 311--312

 []

LaTeX Font Info:    Try loading font information for OMS+ptm on input line 323.

("C:\Program Files\MiKTeX 2.9\tex\latex\psnfss\omsptm.fd"
File: omsptm.fd 
)
LaTeX Font Info:    Font shape `OMS/ptm/m/n' in size <10> not available
(Font)              Font shape `OMS/cmsy/m/n' tried instead on input line 323.


LaTeX Warning: `!h' float specifier changed to `!ht'.

[6]
Underfull \hbox (badness 10000) in paragraph at lines 378--379
[] []$\OML/cmm/m/it/10 Takensolutionlist \OT1/cmr/m/n/10 = \OML/cmm/m/it/10 Tak
ensolutionlist \OMS/cmsy/m/n/10 [$
 []


Underfull \hbox (badness 10000) in paragraph at lines 419--420
[] []$\OML/cmm/m/it/10 Takensolutionlist \OT1/cmr/m/n/10 = \OML/cmm/m/it/10 Tak
ensolutionlist \OMS/cmsy/m/n/10 [$
 []


Underfull \hbox (badness 10000) in paragraph at lines 433--434

 []


LaTeX Warning: `!h' float specifier changed to `!ht'.

[7]
Missing character: There is no ‚ in font ptmr7t!
Missing character: There is no Ä in font ptmr7t!
Missing character: There is no ì in font ptmr7t!
Package epstopdf Info: Source file: <figs/spiderplot.eps>
(epstopdf)                    date: 2014-07-09 23:24:58
(epstopdf)                    size: 94178 bytes
(epstopdf)             Output file: <figs/spiderplot-eps-converted-to.pdf>
(epstopdf)                    date: 2014-07-09 23:37:49
(epstopdf)                    size: 95825 bytes
(epstopdf)             Command: <epstopdf --outfile=figs/spiderplot-eps-convert
ed-to.pdf figs/spiderplot.eps>
(epstopdf)             \includegraphics on input line 492.
Package epstopdf Info: Output file is already uptodate.
 <figs/spiderplot-eps-converted-to.pdf, id=46, 819.06pt x 540.0175pt>
File: figs/spiderplot-eps-converted-to.pdf Graphic file (type pdf)

<use figs/spiderplot-eps-converted-to.pdf>
Package pdftex.def Info: figs/spiderplot-eps-converted-to.pdf used on input lin
e 492.
(pdftex.def)             Requested size: 819.058pt x 540.01617pt.
Missing character: There is no ‚ in font ptmr7t!
Missing character: There is no Ä in font ptmr7t!
Missing character: There is no ì in font ptmr7t!
 [8 <C:/Users/secret/Desktop/Latex/Template/IEEEtran/Thesis/figs/spiderplot-eps
-converted-to.pdf>]
Underfull \hbox (badness 10000) in paragraph at lines 530--531

 []


Underfull \hbox (badness 10000) in paragraph at lines 536--537

 []


Underfull \hbox (badness 10000) in paragraph at lines 538--549

 []


Underfull \hbox (badness 10000) in paragraph at lines 550--552

 []

[9]
Missing character: There is no ‚ in font ptmr7t!
Missing character: There is no Ä in font ptmr7t!
Missing character: There is no ô in font ptmr7t!
 (C:\Users\secret\Desktop\Latex\Template\IEEEtran\Thesis\results.tex
LaTeX Font Info:    Font shape `OT1/ptm/bx/sc' in size <8> not available
(Font)              Font shape `OT1/ptm/b/sc' tried instead on input line 3.


LaTeX Warning: `!h' float specifier changed to `!ht'.


Overfull \hbox (8.44754pt too wide) in paragraph at lines 33--55
[][] 
 []


LaTeX Warning: `!h' float specifier changed to `!ht'.


LaTeX Warning: `!h' float specifier changed to `!ht'.


LaTeX Warning: `!h' float specifier changed to `!ht'.


LaTeX Warning: `!h' float specifier changed to `!ht'.


LaTeX Warning: `!h' float specifier changed to `!ht'.


LaTeX Warning: `!h' float specifier changed to `!ht'.


LaTeX Warning: `!h' float specifier changed to `!ht'.

)
Package epstopdf Info: Source file: <figs/BoxPlot10.eps>
(epstopdf)                    date: 2014-07-09 23:55:14
(epstopdf)                    size: 39563 bytes
(epstopdf)             Output file: <figs/BoxPlot10-eps-converted-to.pdf>
(epstopdf)                    date: 2014-07-09 23:58:36
(epstopdf)                    size: 25365 bytes
(epstopdf)             Command: <epstopdf --outfile=figs/BoxPlot10-eps-converte
d-to.pdf figs/BoxPlot10.eps>
(epstopdf)             \includegraphics on input line 632.
Package epstopdf Info: Output file is already uptodate.
 <figs/BoxPlot10-eps-converted-to.pdf, id=57, 1275.76625pt x 959.585pt>
File: figs/BoxPlot10-eps-converted-to.pdf Graphic file (type pdf)

<use figs/BoxPlot10-eps-converted-to.pdf>
Package pdftex.def Info: figs/BoxPlot10-eps-converted-to.pdf used on input line
 632.
(pdftex.def)             Requested size: 1275.76315pt x 959.58266pt.
 [10] [11 <C:/Users/secret/Desktop/Latex/Template/IEEEtran/Thesis/figs/BoxPlot1
0-eps-converted-to.pdf>]
Package epstopdf Info: Source file: <figs/BoxPlot19.eps>
(epstopdf)                    date: 2014-07-09 23:54:02
(epstopdf)                    size: 38381 bytes
(epstopdf)             Output file: <figs/BoxPlot19-eps-converted-to.pdf>
(epstopdf)                    date: 2014-07-09 23:58:37
(epstopdf)                    size: 24702 bytes
(epstopdf)             Command: <epstopdf --outfile=figs/BoxPlot19-eps-converte
d-to.pdf figs/BoxPlot19.eps>
(epstopdf)             \includegraphics on input line 651.
Package epstopdf Info: Output file is already uptodate.

<figs/BoxPlot19-eps-converted-to.pdf, id=68, 1272.755pt x 957.5775pt>
File: figs/BoxPlot19-eps-converted-to.pdf Graphic file (type pdf)

<use figs/BoxPlot19-eps-converted-to.pdf>
Package pdftex.def Info: figs/BoxPlot19-eps-converted-to.pdf used on input line
 651.
(pdftex.def)             Requested size: 1272.7519pt x 957.57516pt.

(C:\Users\secret\Desktop\Latex\Template\IEEEtran\Thesis\MOEABB.bbl [12]
Missing character: There is no ‚ in font ptmr7t!
Missing character: There is no à in font ptmr7t!
Missing character: There is no û in font ptmr7t!
Missing character: There is no ‚ in font ptmr7t!
Missing character: There is no à in font ptmr7t!
Missing character: There is no û in font ptmr7t!
Missing character: There is no ‚ in font ptmr7t!
Missing character: There is no Ä in font ptmr7t!
Missing character: There is no ú in font ptmr7t!
Missing character: There is no ‚ in font ptmr7t!
Missing character: There is no Ä in font ptmr7t!
Missing character: There is no ù in font ptmr7t!

Underfull \vbox (badness 2359) has occurred while \output is active []

 [13 <C:/Users/secret/Desktop/Latex/Template/IEEEtran/Thesis/figs/BoxPlot19-eps
-converted-to.pdf>]
Missing character: There is no ‚ in font ptmr7t!
Missing character: There is no Ä in font ptmr7t!
Missing character: There is no ô in font ptmr7t!
Missing character: There is no ‚ in font ptmr7t!
Missing character: There is no Ä in font ptmr7t!
Missing character: There is no ô in font ptmr7t!
Missing character: There is no ‚ in font ptmri7t!
Missing character: There is no Ä in font ptmri7t!
Missing character: There is no î in font ptmri7t!

Underfull \hbox (badness 1762) in paragraph at lines 290--294
[]\OT1/ptm/m/n/8 M. K[]oppen, R. Vicente-Garcia, and B. Nick-o-lay, ``Fuzzy-par
eto-
 []

Missing character: There is no ‚ in font ptmr7t!
Missing character: There is no Ä in font ptmr7t!
Missing character: There is no î in font ptmr7t!
Missing character: There is no ‚ in font ptmri7t!
Missing character: There is no Ä in font ptmri7t!
Missing character: There is no î in font ptmri7t!
[14]
Missing character: There is no ‚ in font ptmr7t!
Missing character: There is no Ä in font ptmr7t!
Missing character: There is no ô in font ptmr7t!
) [15

] (C:\Users\secret\Desktop\Latex\Template\IEEEtran\Thesis\MOEABB.aux) ) 
Here is how much of TeX's memory you used:
 3607 strings out of 494045
 53166 string characters out of 3148384
 180100 words of memory out of 3000000
 6827 multiletter control sequences out of 15000+200000
 47614 words of font info for 82 fonts, out of 3000000 for 9000
 718 hyphenation exceptions out of 8191
 42i,8n,26p,2349b,478s stack positions out of 5000i,500n,10000p,200000b,50000s
{C:/Prog
ram Files/MiKTeX 2.9/fonts/enc/dvips/fontname/8r.enc}<C:/Program Files/MiKTeX 2
.9/fonts/type1/public/amsfonts/cm/cmex10.pfb><C:/Program Files/MiKTeX 2.9/fonts
/type1/public/amsfonts/cm/cmmi10.pfb><C:/Program Files/MiKTeX 2.9/fonts/type1/p
ublic/amsfonts/cm/cmmi5.pfb><C:/Program Files/MiKTeX 2.9/fonts/type1/public/ams
fonts/cm/cmmi6.pfb><C:/Program Files/MiKTeX 2.9/fonts/type1/public/amsfonts/cm/
cmmi7.pfb><C:/Program Files/MiKTeX 2.9/fonts/type1/public/amsfonts/cm/cmmi8.pfb
><C:/Program Files/MiKTeX 2.9/fonts/type1/public/amsfonts/cm/cmr10.pfb><C:/Prog
ram Files/MiKTeX 2.9/fonts/type1/public/amsfonts/cm/cmr5.pfb><C:/Program Files/
MiKTeX 2.9/fonts/type1/public/amsfonts/cm/cmr7.pfb><C:/Program Files/MiKTeX 2.9
/fonts/type1/public/amsfonts/cm/cmr8.pfb><C:/Program Files/MiKTeX 2.9/fonts/typ
e1/public/amsfonts/cm/cmsy10.pfb><C:/Program Files/MiKTeX 2.9/fonts/type1/publi
c/amsfonts/cm/cmsy7.pfb><C:/Program Files/MiKTeX 2.9/fonts/type1/public/amsfont
s/cm/cmsy8.pfb><C:/Program Files/MiKTeX 2.9/fonts/type1/urw/times/utmb8a.pfb><C
:/Program Files/MiKTeX 2.9/fonts/type1/urw/times/utmbi8a.pfb><C:/Program Files/
MiKTeX 2.9/fonts/type1/urw/times/utmr8a.pfb><C:/Program Files/MiKTeX 2.9/fonts/
type1/urw/times/utmri8a.pfb>
Output written on MOEABB.pdf (15 pages, 444743 bytes).
PDF statistics:
 139 PDF objects out of 1000 (max. 8388607)
 0 named destinations out of 1000 (max. 500000)
 21 words of extra memory for PDF output out of 10000 (max. 10000000)

